Added Component: Designator=C1(C1210_N)
Added Component: Designator=C2(6-0805_N)
Added Component: Designator=C3(6-0805_N)
Added Component: Designator=D1(E3)
Added Component: Designator=D2(6-0805_N)
Added Component: Designator=P1(HDR1X6)
Added Component: Designator=P2(HDR1X4)
Added Component: Designator=R1(6-0805_N)
Added Component: Designator=R2(6-0805_N)
Added Component: Designator=R3(6-0805_N)
Added Component: Designator=U1(DFN8)
Added Pin To Net: NetName=GND Pin=C1-2
Added Pin To Net: NetName=GND Pin=C2-1
Added Pin To Net: NetName=GND Pin=C3-2
Added Pin To Net: NetName=GND Pin=D1-2
Added Pin To Net: NetName=GND Pin=D2-2
Added Pin To Net: NetName=GND Pin=P1-5
Added Pin To Net: NetName=GND Pin=P2-3
Added Pin To Net: NetName=GND Pin=U1-4
Added Net: Name=GND
Added Pin To Net: NetName=NetD1_1 Pin=D1-1
Added Pin To Net: NetName=NetD1_1 Pin=R2-2
Added Pin To Net: NetName=NetD1_1 Pin=R3-2
Added Pin To Net: NetName=NetD1_1 Pin=U1-7
Added Net: Name=NetD1_1
Added Pin To Net: NetName=NetD1_3 Pin=D1-3
Added Pin To Net: NetName=NetD1_3 Pin=R1-2
Added Pin To Net: NetName=NetD1_3 Pin=R2-1
Added Net: Name=NetD1_3
Added Pin To Net: NetName=NetD2_1 Pin=D2-1
Added Pin To Net: NetName=NetD2_1 Pin=R3-1
Added Net: Name=NetD2_1
Added Pin To Net: NetName=OUT1 Pin=P1-4
Added Pin To Net: NetName=OUT1 Pin=P2-2
Added Pin To Net: NetName=OUT1 Pin=U1-5
Added Net: Name=OUT1
Added Pin To Net: NetName=OUT2 Pin=P1-3
Added Pin To Net: NetName=OUT2 Pin=U1-8
Added Net: Name=OUT2
Added Pin To Net: NetName=OUT3 Pin=P1-2
Added Pin To Net: NetName=OUT3 Pin=U1-1
Added Net: Name=OUT3
Added Pin To Net: NetName=OUT4 Pin=P1-1
Added Pin To Net: NetName=OUT4 Pin=U1-3
Added Net: Name=OUT4
Added Pin To Net: NetName=VCC Pin=C1-1
Added Pin To Net: NetName=VCC Pin=C2-2
Added Pin To Net: NetName=VCC Pin=C3-1
Added Pin To Net: NetName=VCC Pin=P1-6
Added Pin To Net: NetName=VCC Pin=P2-4
Added Pin To Net: NetName=VCC Pin=R1-1
Added Pin To Net: NetName=VCC Pin=U1-2
Added Net: Name=VCC
Added Pin To Net: NetName=接TX Pin=P2-1
Added Pin To Net: NetName=接TX Pin=U1-6
Added Net: Name=接TX
Added Class: Name=红外接收电路
Added Room: Name=红外接收电路
