Removed Pin From Net: NetName=IN4 Pin=P1-1
Removed Pin From Net: NetName=IN3 Pin=P1-2
Removed Pin From Net: NetName=IN1 Pin=P1-4
Removed Pin From Net: NetName=GND Pin=P1-5
Removed Pin From Net: NetName=VCC Pin=P1-6
Removed Pin From Net: NetName=IN4 Pin=P2-2
Removed Pin From Net: NetName=GND Pin=P2-3
Removed Pin From Net: NetName=VCC Pin=P2-4
Removed Pin From Net: NetName=IN4 Pin=U1-5
Removed Pin From Net: NetName=IN1 Pin=U1-8
Change Component DesignItemId : Designator=P1 Old DesignItemId=Header 6 New DesignItemId=Header 4
Change Component Footprint: Designator=P1 Old Footprint=HDR1X6 New Footprint=HDR1X4
Change Component Comment : Designator=P1 Old Comment=Header 6 New Comment=Header 4
Added Pin To Net: NetName=GND Pin=P1-1
Added Pin To Net: NetName=VCC Pin=P1-2
Added Pin To Net: NetName=IN3 Pin=P1-4
Added Pin To Net: NetName=GND Pin=P2-1
Added Pin To Net: NetName=VCC Pin=P2-2
Added Pin To Net: NetName=IN4 Pin=P2-3
Added Pin To Net: NetName=IN1 Pin=P2-4
Added Pin To Net: NetName=IN1 Pin=U1-5
Added Pin To Net: NetName=IN4 Pin=U1-6
Added Room: Name=∫ÏÕ‚∑¢…‰
