Added Component: Designator=C1(C1210_L)
Added Component: Designator=C2(6-0805_N)
Added Component: Designator=D1(PIN2)
Added Component: Designator=D2(6-0805_N)
Added Component: Designator=P1(HDR1X6)
Added Component: Designator=P2(HDR1X4)
Added Component: Designator=Q1(SOT-23_N)
Added Component: Designator=R1(6-0805_N)
Added Component: Designator=R2(6-0805_N)
Added Component: Designator=R3(6-0805_N)
Added Component: Designator=U1(DFN8)
Added Pin To Net: NetName=GND Pin=C1-2
Added Pin To Net: NetName=GND Pin=C2-1
Added Pin To Net: NetName=GND Pin=P1-5
Added Pin To Net: NetName=GND Pin=P2-3
Added Pin To Net: NetName=GND Pin=R2-2
Added Pin To Net: NetName=GND Pin=R3-2
Added Pin To Net: NetName=GND Pin=U1-4
Added Net: Name=GND
Added Pin To Net: NetName=IN1 Pin=P1-4
Added Pin To Net: NetName=IN1 Pin=U1-7
Added Net: Name=IN1
Added Pin To Net: NetName=IN2 Pin=P1-3
Added Pin To Net: NetName=IN2 Pin=U1-8
Added Net: Name=IN2
Added Pin To Net: NetName=IN3 Pin=P1-2
Added Pin To Net: NetName=IN3 Pin=U1-1
Added Net: Name=IN3
Added Pin To Net: NetName=IN4 Pin=P1-1
Added Pin To Net: NetName=IN4 Pin=P2-2
Added Pin To Net: NetName=IN4 Pin=U1-5
Added Net: Name=IN4
Added Pin To Net: NetName=NetD1_1 Pin=D1-1
Added Pin To Net: NetName=NetD1_1 Pin=D2-1
Added Pin To Net: NetName=NetD1_1 Pin=Q1-3
Added Net: Name=NetD1_1
Added Pin To Net: NetName=NetD1_2 Pin=D1-2
Added Pin To Net: NetName=NetD1_2 Pin=R2-1
Added Net: Name=NetD1_2
Added Pin To Net: NetName=NetD2_2 Pin=D2-2
Added Pin To Net: NetName=NetD2_2 Pin=R3-1
Added Net: Name=NetD2_2
Added Pin To Net: NetName=NetQ1_2 Pin=Q1-1
Added Pin To Net: NetName=NetQ1_2 Pin=R1-2
Added Net: Name=NetQ1_2
Added Pin To Net: NetName=NetR1_1 Pin=R1-1
Added Pin To Net: NetName=NetR1_1 Pin=U1-3
Added Net: Name=NetR1_1
Added Pin To Net: NetName=VCC Pin=C1-1
Added Pin To Net: NetName=VCC Pin=C2-2
Added Pin To Net: NetName=VCC Pin=P1-6
Added Pin To Net: NetName=VCC Pin=P2-4
Added Pin To Net: NetName=VCC Pin=Q1-2
Added Pin To Net: NetName=VCC Pin=U1-2
Added Net: Name=VCC
Added Pin To Net: NetName=接TX Pin=P2-1
Added Pin To Net: NetName=接TX Pin=U1-6
Added Net: Name=接TX
Added Class: Name=红外发射
Added Room: Name=红外发射
